Saving vectors of label - 'cat':   0%|                                                                              | 0/1732 [00:00<?, ?it/s]Saving vectors of label - 'cat':   1%|▌                                                                   | 14/1732 [00:00<00:12, 132.96it/s]Saving vectors of label - 'cat':   2%|█▏                                                                  | 31/1732 [00:00<00:12, 140.55it/s]Saving vectors of label - 'cat':   3%|█▉                                                                  | 50/1732 [00:00<00:11, 150.88it/s]Saving vectors of label - 'cat':   4%|██▌                                                                 | 64/1732 [00:00<00:11, 145.43it/s]Saving vectors of label - 'cat':   5%|███▏                                                                | 81/1732 [00:00<00:10, 151.65it/s]Saving vectors of label - 'cat':   5%|███▋                                                                | 95/1732 [00:00<00:11, 146.89it/s]Saving vectors of label - 'cat':   6%|████▎                                                              | 112/1732 [00:00<00:10, 152.70it/s]Saving vectors of label - 'cat':   7%|████▉                                                              | 128/1732 [00:00<00:10, 152.97it/s]Saving vectors of label - 'cat':   8%|█████▋                                                             | 146/1732 [00:00<00:10, 158.19it/s]Saving vectors of label - 'cat':   9%|██████▎                                                            | 164/1732 [00:01<00:09, 162.57it/s]Saving vectors of label - 'cat':  11%|███████                                                            | 182/1732 [00:01<00:09, 165.26it/s]Saving vectors of label - 'cat':  12%|███████▋                                                           | 200/1732 [00:01<00:09, 168.48it/s]Saving vectors of label - 'cat':  13%|████████▍                                                          | 218/1732 [00:01<00:08, 169.95it/s]Saving vectors of label - 'cat':  14%|█████████▏                                                         | 236/1732 [00:01<00:08, 172.29it/s]Saving vectors of label - 'cat':  15%|█████████▊                                                         | 254/1732 [00:01<00:08, 174.12it/s]Saving vectors of label - 'cat':  16%|██████████▌                                                        | 272/1732 [00:01<00:08, 175.15it/s]Saving vectors of label - 'cat':  17%|███████████▏                                                       | 290/1732 [00:01<00:08, 175.80it/s]Saving vectors of label - 'cat':  18%|███████████▉                                                       | 308/1732 [00:01<00:08, 176.92it/s]Saving vectors of label - 'cat':  19%|████████████▌                                                      | 326/1732 [00:01<00:08, 175.00it/s]Saving vectors of label - 'cat':  20%|█████████████▎                                                     | 344/1732 [00:02<00:08, 173.10it/s]Saving vectors of label - 'cat':  21%|██████████████                                                     | 362/1732 [00:02<00:08, 170.09it/s]Saving vectors of label - 'cat':  22%|██████████████▋                                                    | 380/1732 [00:02<00:07, 172.01it/s]Saving vectors of label - 'cat':  23%|███████████████▍                                                   | 398/1732 [00:02<00:07, 170.42it/s]Saving vectors of label - 'cat':  24%|████████████████                                                   | 416/1732 [00:02<00:07, 171.77it/s]Saving vectors of label - 'cat':  25%|████████████████▊                                                  | 434/1732 [00:02<00:07, 174.11it/s]Saving vectors of label - 'cat':  26%|█████████████████▍                                                 | 452/1732 [00:02<00:07, 175.34it/s]Saving vectors of label - 'cat':  27%|██████████████████▏                                                | 470/1732 [00:02<00:07, 166.55it/s]Saving vectors of label - 'cat':  28%|██████████████████▊                                                | 487/1732 [00:02<00:07, 167.49it/s]Saving vectors of label - 'cat':  29%|███████████████████▌                                               | 505/1732 [00:03<00:07, 170.03it/s]Saving vectors of label - 'cat':  30%|████████████████████▏                                              | 523/1732 [00:03<00:07, 172.29it/s]Saving vectors of label - 'cat':  31%|████████████████████▉                                              | 541/1732 [00:03<00:06, 171.97it/s]Saving vectors of label - 'cat':  32%|█████████████████████▌                                             | 559/1732 [00:03<00:06, 173.46it/s]Saving vectors of label - 'cat':  33%|██████████████████████▎                                            | 577/1732 [00:03<00:06, 173.65it/s]Saving vectors of label - 'cat':  34%|███████████████████████                                            | 595/1732 [00:03<00:07, 159.81it/s]Saving vectors of label - 'cat':  35%|███████████████████████▋                                           | 612/1732 [00:03<00:07, 151.33it/s]Saving vectors of label - 'cat':  36%|████████████████████████▎                                          | 628/1732 [00:03<00:07, 151.37it/s]Saving vectors of label - 'cat':  37%|████████████████████████▉                                          | 645/1732 [00:03<00:07, 154.42it/s]Saving vectors of label - 'cat':  38%|█████████████████████████▋                                         | 663/1732 [00:03<00:06, 160.43it/s]Saving vectors of label - 'cat':  39%|██████████████████████████▍                                        | 682/1732 [00:04<00:06, 164.58it/s]Saving vectors of label - 'cat':  40%|███████████████████████████                                        | 699/1732 [00:04<00:06, 165.56it/s]Saving vectors of label - 'cat':  41%|███████████████████████████▋                                       | 717/1732 [00:04<00:06, 167.89it/s]Saving vectors of label - 'cat':  42%|████████████████████████████▍                                      | 734/1732 [00:04<00:05, 167.81it/s]Saving vectors of label - 'cat':  43%|█████████████████████████████                                      | 752/1732 [00:04<00:05, 169.44it/s]Saving vectors of label - 'cat':  44%|█████████████████████████████▊                                     | 770/1732 [00:04<00:05, 171.27it/s]Saving vectors of label - 'cat':  46%|██████████████████████████████▌                                    | 789/1732 [00:04<00:05, 174.15it/s]Saving vectors of label - 'cat':  47%|███████████████████████████████▎                                   | 808/1732 [00:04<00:05, 176.24it/s]Saving vectors of label - 'cat':  48%|███████████████████████████████▉                                   | 826/1732 [00:04<00:05, 175.84it/s]Saving vectors of label - 'cat':  49%|████████████████████████████████▋                                  | 844/1732 [00:05<00:05, 175.27it/s]Saving vectors of label - 'cat':  50%|█████████████████████████████████▎                                 | 862/1732 [00:05<00:04, 175.10it/s]Saving vectors of label - 'cat':  51%|██████████████████████████████████                                 | 880/1732 [00:05<00:04, 174.18it/s]Saving vectors of label - 'cat':  52%|██████████████████████████████████▋                                | 898/1732 [00:05<00:04, 175.56it/s]Saving vectors of label - 'cat':  53%|███████████████████████████████████▍                               | 916/1732 [00:05<00:04, 173.44it/s]Saving vectors of label - 'cat':  54%|████████████████████████████████████▏                              | 934/1732 [00:05<00:04, 173.81it/s]Saving vectors of label - 'cat':  55%|████████████████████████████████████▊                              | 952/1732 [00:05<00:04, 172.79it/s]Saving vectors of label - 'cat':  56%|█████████████████████████████████████▌                             | 970/1732 [00:05<00:04, 173.17it/s]Saving vectors of label - 'cat':  57%|██████████████████████████████████████▏                            | 988/1732 [00:05<00:04, 173.65it/s]Saving vectors of label - 'cat':  58%|██████████████████████████████████████▎                           | 1006/1732 [00:05<00:04, 175.34it/s]Saving vectors of label - 'cat':  59%|███████████████████████████████████████                           | 1024/1732 [00:06<00:04, 175.31it/s]Saving vectors of label - 'cat':  60%|███████████████████████████████████████▋                          | 1042/1732 [00:06<00:03, 174.78it/s]Saving vectors of label - 'cat':  61%|████████████████████████████████████████▍                         | 1060/1732 [00:06<00:03, 172.32it/s]Saving vectors of label - 'cat':  62%|█████████████████████████████████████████                         | 1078/1732 [00:06<00:03, 173.16it/s]Saving vectors of label - 'cat':  63%|█████████████████████████████████████████▊                        | 1096/1732 [00:06<00:03, 173.24it/s]Saving vectors of label - 'cat':  64%|██████████████████████████████████████████▍                       | 1114/1732 [00:06<00:03, 173.59it/s]Saving vectors of label - 'cat':  65%|███████████████████████████████████████████▏                      | 1132/1732 [00:06<00:03, 173.38it/s]Saving vectors of label - 'cat':  66%|███████████████████████████████████████████▊                      | 1150/1732 [00:06<00:03, 174.99it/s]Saving vectors of label - 'cat':  67%|████████████████████████████████████████████▌                     | 1168/1732 [00:06<00:03, 174.09it/s]Saving vectors of label - 'cat':  68%|█████████████████████████████████████████████▏                    | 1186/1732 [00:07<00:03, 172.87it/s]Saving vectors of label - 'cat':  70%|█████████████████████████████████████████████▉                    | 1204/1732 [00:07<00:03, 173.44it/s]Saving vectors of label - 'cat':  71%|██████████████████████████████████████████████▌                   | 1222/1732 [00:07<00:02, 172.53it/s]Saving vectors of label - 'cat':  72%|███████████████████████████████████████████████▎                  | 1240/1732 [00:07<00:02, 173.59it/s]Saving vectors of label - 'cat':  73%|███████████████████████████████████████████████▉                  | 1258/1732 [00:07<00:02, 173.11it/s]Saving vectors of label - 'cat':  74%|████████████████████████████████████████████████▌                 | 1276/1732 [00:07<00:02, 173.68it/s]Saving vectors of label - 'cat':  75%|█████████████████████████████████████████████████▎                | 1294/1732 [00:07<00:02, 172.68it/s]Saving vectors of label - 'cat':  76%|█████████████████████████████████████████████████▉                | 1312/1732 [00:07<00:02, 174.42it/s]Saving vectors of label - 'cat':  77%|██████████████████████████████████████████████████▋               | 1330/1732 [00:07<00:02, 173.70it/s]Saving vectors of label - 'cat':  78%|███████████████████████████████████████████████████▎              | 1348/1732 [00:07<00:02, 174.64it/s]Saving vectors of label - 'cat':  79%|████████████████████████████████████████████████████              | 1366/1732 [00:08<00:02, 175.79it/s]Saving vectors of label - 'cat':  80%|████████████████████████████████████████████████████▋             | 1384/1732 [00:08<00:01, 176.29it/s]Saving vectors of label - 'cat':  81%|█████████████████████████████████████████████████████▍            | 1402/1732 [00:08<00:01, 176.62it/s]Saving vectors of label - 'cat':  82%|██████████████████████████████████████████████████████            | 1420/1732 [00:08<00:01, 175.18it/s]Saving vectors of label - 'cat':  83%|██████████████████████████████████████████████████████▊           | 1438/1732 [00:08<00:01, 175.38it/s]Saving vectors of label - 'cat':  84%|███████████████████████████████████████████████████████▍          | 1456/1732 [00:08<00:01, 176.52it/s]Saving vectors of label - 'cat':  85%|████████████████████████████████████████████████████████▏         | 1474/1732 [00:08<00:01, 176.35it/s]Saving vectors of label - 'cat':  86%|████████████████████████████████████████████████████████▉         | 1493/1732 [00:08<00:01, 179.17it/s]Saving vectors of label - 'cat':  87%|█████████████████████████████████████████████████████████▌        | 1512/1732 [00:08<00:01, 180.80it/s]Saving vectors of label - 'cat':  88%|██████████████████████████████████████████████████████████▎       | 1531/1732 [00:08<00:01, 178.74it/s]Saving vectors of label - 'cat':  89%|███████████████████████████████████████████████████████████       | 1549/1732 [00:09<00:01, 179.02it/s]Saving vectors of label - 'cat':  90%|███████████████████████████████████████████████████████████▋      | 1567/1732 [00:09<00:00, 168.81it/s]Saving vectors of label - 'cat':  92%|████████████████████████████████████████████████████████████▍     | 1585/1732 [00:09<00:00, 169.16it/s]Saving vectors of label - 'cat':  93%|█████████████████████████████████████████████████████████████     | 1603/1732 [00:09<00:00, 169.60it/s]Saving vectors of label - 'cat':  94%|█████████████████████████████████████████████████████████████▊    | 1621/1732 [00:09<00:00, 171.43it/s]Saving vectors of label - 'cat':  95%|██████████████████████████████████████████████████████████████▍   | 1639/1732 [00:09<00:00, 172.36it/s]Saving vectors of label - 'cat':  96%|███████████████████████████████████████████████████████████████▏  | 1658/1732 [00:09<00:00, 174.75it/s]Saving vectors of label - 'cat':  97%|███████████████████████████████████████████████████████████████▊  | 1676/1732 [00:09<00:00, 175.43it/s]Saving vectors of label - 'cat':  98%|████████████████████████████████████████████████████████████████▌ | 1694/1732 [00:09<00:00, 174.09it/s]Saving vectors of label - 'cat':  99%|█████████████████████████████████████████████████████████████████▎| 1713/1732 [00:10<00:00, 176.09it/s]Saving vectors of label - 'cat': 100%|█████████████████████████████████████████████████████████████████▉| 1731/1732 [00:10<00:00, 175.80it/s]Saving vectors of label - 'cat': 100%|██████████████████████████████████████████████████████████████████| 1732/1732 [00:10<00:00, 171.00it/s]
Saving vectors of label - 'bed':   0%|                                                                              | 0/1706 [00:00<?, ?it/s]Saving vectors of label - 'bed':   1%|▋                                                                   | 16/1706 [00:00<00:11, 149.84it/s]Saving vectors of label - 'bed':   2%|█▎                                                                  | 33/1706 [00:00<00:10, 155.06it/s]Saving vectors of label - 'bed':   3%|██                                                                  | 51/1706 [00:00<00:10, 160.26it/s]Saving vectors of label - 'bed':   4%|██▋                                                                 | 68/1706 [00:00<00:10, 162.95it/s]Saving vectors of label - 'bed':   5%|███▍                                                                | 86/1706 [00:00<00:09, 165.55it/s]Saving vectors of label - 'bed':   6%|████                                                               | 104/1706 [00:00<00:09, 168.63it/s]Saving vectors of label - 'bed':   7%|████▋                                                              | 120/1706 [00:00<00:09, 165.79it/s]Saving vectors of label - 'bed':   8%|█████▍                                                             | 137/1706 [00:00<00:09, 166.11it/s]Saving vectors of label - 'bed':   9%|██████                                                             | 154/1706 [00:00<00:09, 164.06it/s]Saving vectors of label - 'bed':  10%|██████▋                                                            | 170/1706 [00:01<00:09, 155.82it/s]Saving vectors of label - 'bed':  11%|███████▍                                                           | 188/1706 [00:01<00:09, 161.46it/s]Saving vectors of label - 'bed':  12%|████████                                                           | 204/1706 [00:01<00:10, 145.97it/s]Saving vectors of label - 'bed':  13%|████████▌                                                          | 219/1706 [00:01<00:10, 138.38it/s]Saving vectors of label - 'bed':  14%|█████████▎                                                         | 236/1706 [00:01<00:10, 145.64it/s]Saving vectors of label - 'bed':  15%|█████████▉                                                         | 254/1706 [00:01<00:09, 152.68it/s]Saving vectors of label - 'bed':  16%|██████████▌                                                        | 270/1706 [00:01<00:09, 152.12it/s]Saving vectors of label - 'bed':  17%|███████████▏                                                       | 286/1706 [00:01<00:09, 150.85it/s]Saving vectors of label - 'bed':  18%|███████████▉                                                       | 304/1706 [00:01<00:08, 157.72it/s]Saving vectors of label - 'bed':  19%|████████████▋                                                      | 322/1706 [00:02<00:08, 161.83it/s]Saving vectors of label - 'bed':  20%|█████████████▎                                                     | 339/1706 [00:02<00:08, 160.21it/s]Saving vectors of label - 'bed':  21%|██████████████                                                     | 357/1706 [00:02<00:08, 164.38it/s]Saving vectors of label - 'bed':  22%|██████████████▋                                                    | 375/1706 [00:02<00:07, 168.46it/s]Saving vectors of label - 'bed':  23%|███████████████▍                                                   | 393/1706 [00:02<00:07, 171.21it/s]Saving vectors of label - 'bed':  24%|████████████████▏                                                  | 411/1706 [00:02<00:07, 172.67it/s]Saving vectors of label - 'bed':  25%|████████████████▊                                                  | 429/1706 [00:02<00:07, 173.26it/s]Saving vectors of label - 'bed':  26%|█████████████████▌                                                 | 447/1706 [00:02<00:07, 167.81it/s]Saving vectors of label - 'bed':  27%|██████████████████▎                                                | 465/1706 [00:02<00:07, 169.06it/s]Saving vectors of label - 'bed':  28%|██████████████████▉                                                | 483/1706 [00:02<00:07, 169.90it/s]Saving vectors of label - 'bed':  29%|███████████████████▋                                               | 501/1706 [00:03<00:07, 171.12it/s]Saving vectors of label - 'bed':  30%|████████████████████▍                                              | 519/1706 [00:03<00:06, 171.68it/s]Saving vectors of label - 'bed':  31%|█████████████████████                                              | 537/1706 [00:03<00:06, 173.97it/s]Saving vectors of label - 'bed':  33%|█████████████████████▊                                             | 555/1706 [00:03<00:06, 174.20it/s]Saving vectors of label - 'bed':  34%|██████████████████████▌                                            | 573/1706 [00:03<00:06, 174.16it/s]Saving vectors of label - 'bed':  35%|███████████████████████▏                                           | 591/1706 [00:03<00:06, 173.86it/s]Saving vectors of label - 'bed':  36%|███████████████████████▉                                           | 609/1706 [00:03<00:06, 174.82it/s]Saving vectors of label - 'bed':  37%|████████████████████████▌                                          | 627/1706 [00:03<00:06, 175.50it/s]Saving vectors of label - 'bed':  38%|█████████████████████████▎                                         | 645/1706 [00:03<00:06, 162.26it/s]Saving vectors of label - 'bed':  39%|█████████████████████████▉                                         | 662/1706 [00:04<00:06, 162.43it/s]Saving vectors of label - 'bed':  40%|██████████████████████████▋                                        | 679/1706 [00:04<00:06, 163.15it/s]Saving vectors of label - 'bed':  41%|███████████████████████████▎                                       | 696/1706 [00:04<00:06, 163.75it/s]Saving vectors of label - 'bed':  42%|████████████████████████████                                       | 714/1706 [00:04<00:05, 167.21it/s]Saving vectors of label - 'bed':  43%|████████████████████████████▋                                      | 732/1706 [00:04<00:05, 169.26it/s]Saving vectors of label - 'bed':  44%|█████████████████████████████▍                                     | 750/1706 [00:04<00:05, 172.15it/s]Saving vectors of label - 'bed':  45%|██████████████████████████████▏                                    | 768/1706 [00:04<00:05, 171.55it/s]Saving vectors of label - 'bed':  46%|██████████████████████████████▊                                    | 786/1706 [00:04<00:05, 173.90it/s]Saving vectors of label - 'bed':  47%|███████████████████████████████▌                                   | 804/1706 [00:04<00:05, 173.66it/s]Saving vectors of label - 'bed':  48%|████████████████████████████████▎                                  | 823/1706 [00:04<00:05, 175.57it/s]Saving vectors of label - 'bed':  49%|█████████████████████████████████                                  | 841/1706 [00:05<00:04, 174.21it/s]Saving vectors of label - 'bed':  50%|█████████████████████████████████▋                                 | 859/1706 [00:05<00:04, 175.18it/s]Saving vectors of label - 'bed':  51%|██████████████████████████████████▍                                | 877/1706 [00:05<00:04, 171.60it/s]Saving vectors of label - 'bed':  52%|███████████████████████████████████▏                               | 895/1706 [00:05<00:04, 173.51it/s]Saving vectors of label - 'bed':  54%|███████████████████████████████████▊                               | 913/1706 [00:05<00:04, 167.39it/s]Saving vectors of label - 'bed':  55%|████████████████████████████████████▌                              | 930/1706 [00:05<00:04, 167.52it/s]Saving vectors of label - 'bed':  56%|█████████████████████████████████████▏                             | 947/1706 [00:05<00:04, 168.22it/s]Saving vectors of label - 'bed':  57%|█████████████████████████████████████▊                             | 964/1706 [00:05<00:04, 168.18it/s]Saving vectors of label - 'bed':  58%|██████████████████████████████████████▌                            | 982/1706 [00:05<00:04, 169.52it/s]Saving vectors of label - 'bed':  59%|██████████████████████████████████████▋                           | 1000/1706 [00:05<00:04, 171.34it/s]Saving vectors of label - 'bed':  60%|███████████████████████████████████████▍                          | 1018/1706 [00:06<00:04, 170.94it/s]Saving vectors of label - 'bed':  61%|████████████████████████████████████████                          | 1036/1706 [00:06<00:03, 171.84it/s]Saving vectors of label - 'bed':  62%|████████████████████████████████████████▊                         | 1054/1706 [00:06<00:03, 172.71it/s]Saving vectors of label - 'bed':  63%|█████████████████████████████████████████▍                        | 1072/1706 [00:06<00:03, 172.72it/s]Saving vectors of label - 'bed':  64%|██████████████████████████████████████████▏                       | 1090/1706 [00:06<00:04, 151.19it/s]Saving vectors of label - 'bed':  65%|██████████████████████████████████████████▊                       | 1106/1706 [00:06<00:04, 143.75it/s]Saving vectors of label - 'bed':  66%|███████████████████████████████████████████▍                      | 1123/1706 [00:06<00:03, 147.55it/s]Saving vectors of label - 'bed':  67%|████████████████████████████████████████████                      | 1140/1706 [00:06<00:03, 151.77it/s]Saving vectors of label - 'bed':  68%|████████████████████████████████████████████▊                     | 1158/1706 [00:07<00:03, 157.23it/s]Saving vectors of label - 'bed':  69%|█████████████████████████████████████████████▍                    | 1174/1706 [00:07<00:03, 157.72it/s]Saving vectors of label - 'bed':  70%|██████████████████████████████████████████████                    | 1192/1706 [00:07<00:03, 161.81it/s]Saving vectors of label - 'bed':  71%|██████████████████████████████████████████████▊                   | 1210/1706 [00:07<00:02, 166.26it/s]Saving vectors of label - 'bed':  72%|███████████████████████████████████████████████▌                  | 1228/1706 [00:07<00:02, 167.30it/s]Saving vectors of label - 'bed':  73%|████████████████████████████████████████████████▏                 | 1246/1706 [00:07<00:02, 169.21it/s]Saving vectors of label - 'bed':  74%|████████████████████████████████████████████████▉                 | 1264/1706 [00:07<00:02, 171.05it/s]Saving vectors of label - 'bed':  75%|█████████████████████████████████████████████████▌                | 1282/1706 [00:07<00:02, 170.30it/s]Saving vectors of label - 'bed':  76%|██████████████████████████████████████████████████▎               | 1300/1706 [00:07<00:02, 171.30it/s]Saving vectors of label - 'bed':  77%|██████████████████████████████████████████████████▉               | 1318/1706 [00:07<00:02, 172.32it/s]Saving vectors of label - 'bed':  78%|███████████████████████████████████████████████████▋              | 1336/1706 [00:08<00:02, 171.20it/s]Saving vectors of label - 'bed':  79%|████████████████████████████████████████████████████▍             | 1354/1706 [00:08<00:02, 172.15it/s]Saving vectors of label - 'bed':  80%|█████████████████████████████████████████████████████             | 1372/1706 [00:08<00:01, 171.88it/s]Saving vectors of label - 'bed':  81%|█████████████████████████████████████████████████████▊            | 1390/1706 [00:08<00:01, 171.42it/s]Saving vectors of label - 'bed':  83%|██████████████████████████████████████████████████████▍           | 1408/1706 [00:08<00:01, 170.96it/s]Saving vectors of label - 'bed':  84%|███████████████████████████████████████████████████████▏          | 1426/1706 [00:08<00:01, 172.26it/s]Saving vectors of label - 'bed':  85%|███████████████████████████████████████████████████████▊          | 1444/1706 [00:08<00:01, 170.84it/s]Saving vectors of label - 'bed':  86%|████████████████████████████████████████████████████████▌         | 1462/1706 [00:08<00:01, 171.27it/s]Saving vectors of label - 'bed':  87%|█████████████████████████████████████████████████████████▎        | 1480/1706 [00:08<00:01, 170.76it/s]Saving vectors of label - 'bed':  88%|█████████████████████████████████████████████████████████▉        | 1498/1706 [00:08<00:01, 170.40it/s]Saving vectors of label - 'bed':  89%|██████████████████████████████████████████████████████████▋       | 1516/1706 [00:09<00:01, 169.29it/s]Saving vectors of label - 'bed':  90%|███████████████████████████████████████████████████████████▎      | 1534/1706 [00:09<00:01, 171.43it/s]Saving vectors of label - 'bed':  91%|████████████████████████████████████████████████████████████      | 1552/1706 [00:09<00:00, 172.45it/s]Saving vectors of label - 'bed':  92%|████████████████████████████████████████████████████████████▋     | 1570/1706 [00:09<00:00, 174.42it/s]Saving vectors of label - 'bed':  93%|█████████████████████████████████████████████████████████████▍    | 1588/1706 [00:09<00:00, 174.75it/s]Saving vectors of label - 'bed':  94%|██████████████████████████████████████████████████████████████▏   | 1606/1706 [00:09<00:00, 174.59it/s]Saving vectors of label - 'bed':  95%|██████████████████████████████████████████████████████████████▊   | 1624/1706 [00:09<00:00, 174.45it/s]Saving vectors of label - 'bed':  96%|███████████████████████████████████████████████████████████████▌  | 1642/1706 [00:09<00:00, 174.56it/s]Saving vectors of label - 'bed':  97%|████████████████████████████████████████████████████████████████▏ | 1660/1706 [00:09<00:00, 174.58it/s]Saving vectors of label - 'bed':  98%|████████████████████████████████████████████████████████████████▉ | 1678/1706 [00:10<00:00, 175.34it/s]Saving vectors of label - 'bed':  99%|█████████████████████████████████████████████████████████████████▌| 1696/1706 [00:10<00:00, 175.11it/s]Saving vectors of label - 'bed': 100%|██████████████████████████████████████████████████████████████████| 1706/1706 [00:10<00:00, 167.46it/s]
Saving vectors of label - 'happy':   0%|                                                                            | 0/1742 [00:00<?, ?it/s]Saving vectors of label - 'happy':   1%|▋                                                                 | 17/1742 [00:00<00:10, 159.56it/s]Saving vectors of label - 'happy':   2%|█▎                                                                | 35/1742 [00:00<00:10, 163.50it/s]Saving vectors of label - 'happy':   3%|██                                                                | 53/1742 [00:00<00:10, 165.81it/s]Saving vectors of label - 'happy':   4%|██▋                                                               | 71/1742 [00:00<00:09, 167.37it/s]Saving vectors of label - 'happy':   5%|███▎                                                              | 89/1742 [00:00<00:09, 168.54it/s]Saving vectors of label - 'happy':   6%|███▉                                                             | 107/1742 [00:00<00:09, 170.39it/s]Saving vectors of label - 'happy':   7%|████▋                                                            | 125/1742 [00:00<00:09, 172.05it/s]Saving vectors of label - 'happy':   8%|█████▎                                                           | 143/1742 [00:00<00:09, 172.32it/s]Saving vectors of label - 'happy':   9%|██████                                                           | 161/1742 [00:00<00:09, 172.22it/s]Saving vectors of label - 'happy':  10%|██████▋                                                          | 179/1742 [00:01<00:09, 172.01it/s]Saving vectors of label - 'happy':  11%|███████▎                                                         | 196/1742 [00:01<00:09, 167.53it/s]Saving vectors of label - 'happy':  12%|███████▉                                                         | 213/1742 [00:01<00:09, 167.68it/s]Saving vectors of label - 'happy':  13%|████████▌                                                        | 231/1742 [00:01<00:08, 169.81it/s]Saving vectors of label - 'happy':  14%|█████████▎                                                       | 249/1742 [00:01<00:08, 171.75it/s]Saving vectors of label - 'happy':  15%|█████████▉                                                       | 267/1742 [00:01<00:09, 157.85it/s]Saving vectors of label - 'happy':  16%|██████████▌                                                      | 283/1742 [00:01<00:09, 146.63it/s]Saving vectors of label - 'happy':  17%|███████████                                                      | 298/1742 [00:01<00:09, 145.25it/s]Saving vectors of label - 'happy':  18%|███████████▊                                                     | 315/1742 [00:01<00:09, 150.89it/s]Saving vectors of label - 'happy':  19%|████████████▍                                                    | 333/1742 [00:02<00:09, 156.49it/s]Saving vectors of label - 'happy':  20%|█████████████                                                    | 350/1742 [00:02<00:08, 158.58it/s]Saving vectors of label - 'happy':  21%|█████████████▋                                                   | 368/1742 [00:02<00:08, 162.59it/s]Saving vectors of label - 'happy':  22%|██████████████▍                                                  | 386/1742 [00:02<00:08, 165.69it/s]Saving vectors of label - 'happy':  23%|███████████████                                                  | 403/1742 [00:02<00:08, 164.65it/s]Saving vectors of label - 'happy':  24%|███████████████▋                                                 | 420/1742 [00:02<00:07, 166.12it/s]Saving vectors of label - 'happy':  25%|████████████████▎                                                | 438/1742 [00:02<00:07, 168.69it/s]Saving vectors of label - 'happy':  26%|█████████████████                                                | 456/1742 [00:02<00:07, 170.78it/s]Saving vectors of label - 'happy':  27%|█████████████████▋                                               | 474/1742 [00:02<00:07, 172.03it/s]Saving vectors of label - 'happy':  28%|██████████████████▎                                              | 492/1742 [00:02<00:07, 171.68it/s]Saving vectors of label - 'happy':  29%|███████████████████                                              | 510/1742 [00:03<00:07, 171.76it/s]Saving vectors of label - 'happy':  30%|███████████████████▋                                             | 528/1742 [00:03<00:06, 173.95it/s]Saving vectors of label - 'happy':  31%|████████████████████▎                                            | 546/1742 [00:03<00:06, 174.36it/s]Saving vectors of label - 'happy':  32%|█████████████████████                                            | 564/1742 [00:03<00:06, 175.26it/s]Saving vectors of label - 'happy':  33%|█████████████████████▋                                           | 582/1742 [00:03<00:06, 175.18it/s]Saving vectors of label - 'happy':  34%|██████████████████████▍                                          | 600/1742 [00:03<00:06, 174.14it/s]Saving vectors of label - 'happy':  35%|███████████████████████                                          | 618/1742 [00:03<00:06, 167.11it/s]Saving vectors of label - 'happy':  36%|███████████████████████▋                                         | 635/1742 [00:03<00:06, 165.60it/s]Saving vectors of label - 'happy':  37%|████████████████████████▎                                        | 652/1742 [00:03<00:06, 163.78it/s]Saving vectors of label - 'happy':  38%|█████████████████████████                                        | 670/1742 [00:04<00:06, 166.96it/s]Saving vectors of label - 'happy':  39%|█████████████████████████▋                                       | 688/1742 [00:04<00:06, 169.03it/s]Saving vectors of label - 'happy':  41%|██████████████████████████▎                                      | 706/1742 [00:04<00:06, 170.55it/s]Saving vectors of label - 'happy':  42%|███████████████████████████                                      | 724/1742 [00:04<00:05, 172.66it/s]Saving vectors of label - 'happy':  43%|███████████████████████████▋                                     | 742/1742 [00:04<00:05, 173.39it/s]Saving vectors of label - 'happy':  44%|████████████████████████████▎                                    | 760/1742 [00:04<00:05, 174.25it/s]Saving vectors of label - 'happy':  45%|█████████████████████████████                                    | 778/1742 [00:04<00:05, 174.38it/s]Saving vectors of label - 'happy':  46%|█████████████████████████████▋                                   | 796/1742 [00:04<00:05, 172.80it/s]Saving vectors of label - 'happy':  47%|██████████████████████████████▎                                  | 814/1742 [00:04<00:05, 171.82it/s]Saving vectors of label - 'happy':  48%|███████████████████████████████                                  | 832/1742 [00:04<00:05, 166.55it/s]Saving vectors of label - 'happy':  49%|███████████████████████████████▋                                 | 850/1742 [00:05<00:05, 169.66it/s]Saving vectors of label - 'happy':  50%|████████████████████████████████▍                                | 868/1742 [00:05<00:05, 171.07it/s]Saving vectors of label - 'happy':  51%|█████████████████████████████████                                | 886/1742 [00:05<00:05, 161.85it/s]Saving vectors of label - 'happy':  52%|█████████████████████████████████▋                               | 903/1742 [00:05<00:05, 147.66it/s]Saving vectors of label - 'happy':  53%|██████████████████████████████████▎                              | 919/1742 [00:05<00:05, 140.34it/s]Saving vectors of label - 'happy':  54%|██████████████████████████████████▊                              | 934/1742 [00:05<00:05, 137.39it/s]Saving vectors of label - 'happy':  54%|███████████████████████████████████▎                             | 948/1742 [00:05<00:05, 135.19it/s]Saving vectors of label - 'happy':  55%|███████████████████████████████████▉                             | 962/1742 [00:05<00:06, 129.52it/s]Saving vectors of label - 'happy':  56%|████████████████████████████████████▍                            | 976/1742 [00:06<00:06, 127.32it/s]Saving vectors of label - 'happy':  57%|████████████████████████████████████▉                            | 989/1742 [00:06<00:06, 121.83it/s]Saving vectors of label - 'happy':  58%|████████████████████████████████████▊                           | 1003/1742 [00:06<00:05, 124.43it/s]Saving vectors of label - 'happy':  58%|█████████████████████████████████████▎                          | 1016/1742 [00:06<00:05, 121.49it/s]Saving vectors of label - 'happy':  59%|█████████████████████████████████████▊                          | 1029/1742 [00:06<00:05, 120.38it/s]Saving vectors of label - 'happy':  60%|██████████████████████████████████████▎                         | 1042/1742 [00:06<00:05, 122.95it/s]Saving vectors of label - 'happy':  61%|██████████████████████████████████████▊                         | 1055/1742 [00:06<00:05, 123.49it/s]Saving vectors of label - 'happy':  61%|███████████████████████████████████████▏                        | 1068/1742 [00:06<00:05, 125.32it/s]Saving vectors of label - 'happy':  62%|███████████████████████████████████████▋                        | 1081/1742 [00:06<00:05, 119.97it/s]Saving vectors of label - 'happy':  63%|████████████████████████████████████████▏                       | 1094/1742 [00:06<00:05, 121.89it/s]Saving vectors of label - 'happy':  64%|████████████████████████████████████████▋                       | 1107/1742 [00:07<00:05, 121.74it/s]Saving vectors of label - 'happy':  64%|█████████████████████████████████████████▏                      | 1120/1742 [00:07<00:05, 123.88it/s]Saving vectors of label - 'happy':  65%|█████████████████████████████████████████▋                      | 1133/1742 [00:07<00:04, 122.47it/s]Saving vectors of label - 'happy':  66%|██████████████████████████████████████████                      | 1146/1742 [00:07<00:04, 123.96it/s]Saving vectors of label - 'happy':  67%|██████████████████████████████████████████▌                     | 1159/1742 [00:07<00:04, 123.46it/s]Saving vectors of label - 'happy':  67%|███████████████████████████████████████████                     | 1172/1742 [00:07<00:04, 120.60it/s]Saving vectors of label - 'happy':  68%|███████████████████████████████████████████▌                    | 1185/1742 [00:07<00:04, 122.43it/s]Saving vectors of label - 'happy':  69%|████████████████████████████████████████████                    | 1198/1742 [00:07<00:04, 124.03it/s]Saving vectors of label - 'happy':  70%|████████████████████████████████████████████▍                   | 1211/1742 [00:07<00:04, 121.24it/s]Saving vectors of label - 'happy':  70%|████████████████████████████████████████████▉                   | 1224/1742 [00:08<00:04, 122.01it/s]Saving vectors of label - 'happy':  71%|█████████████████████████████████████████████▍                  | 1237/1742 [00:08<00:04, 122.63it/s]Saving vectors of label - 'happy':  72%|█████████████████████████████████████████████▉                  | 1251/1742 [00:08<00:03, 126.71it/s]Saving vectors of label - 'happy':  73%|██████████████████████████████████████████████▍                 | 1264/1742 [00:08<00:03, 125.37it/s]Saving vectors of label - 'happy':  73%|██████████████████████████████████████████████▉                 | 1277/1742 [00:08<00:03, 125.89it/s]Saving vectors of label - 'happy':  74%|███████████████████████████████████████████████▍                | 1291/1742 [00:08<00:03, 128.09it/s]Saving vectors of label - 'happy':  75%|███████████████████████████████████████████████▉                | 1304/1742 [00:08<00:03, 124.73it/s]Saving vectors of label - 'happy':  76%|████████████████████████████████████████████████▍               | 1317/1742 [00:08<00:03, 125.97it/s]Saving vectors of label - 'happy':  76%|████████████████████████████████████████████████▊               | 1330/1742 [00:08<00:03, 127.01it/s]Saving vectors of label - 'happy':  77%|█████████████████████████████████████████████████▎              | 1343/1742 [00:09<00:03, 111.13it/s]Saving vectors of label - 'happy':  78%|█████████████████████████████████████████████████▊              | 1355/1742 [00:09<00:03, 108.14it/s]Saving vectors of label - 'happy':  78%|███████████████████████████████████████████████████              | 1367/1742 [00:09<00:04, 91.24it/s]Saving vectors of label - 'happy':  79%|██████████████████████████████████████████████████▊             | 1384/1742 [00:09<00:03, 105.73it/s]Saving vectors of label - 'happy':  80%|███████████████████████████████████████████████████▍            | 1401/1742 [00:09<00:02, 119.03it/s]Saving vectors of label - 'happy':  81%|████████████████████████████████████████████████████            | 1418/1742 [00:09<00:02, 129.64it/s]Saving vectors of label - 'happy':  82%|████████████████████████████████████████████████████▋           | 1434/1742 [00:09<00:02, 135.73it/s]Saving vectors of label - 'happy':  83%|█████████████████████████████████████████████████████▎          | 1451/1742 [00:09<00:02, 143.11it/s]Saving vectors of label - 'happy':  84%|█████████████████████████████████████████████████████▉          | 1468/1742 [00:09<00:01, 149.84it/s]Saving vectors of label - 'happy':  85%|██████████████████████████████████████████████████████▌         | 1485/1742 [00:10<00:01, 154.47it/s]Saving vectors of label - 'happy':  86%|███████████████████████████████████████████████████████▏        | 1503/1742 [00:10<00:01, 159.65it/s]Saving vectors of label - 'happy':  87%|███████████████████████████████████████████████████████▉        | 1521/1742 [00:10<00:01, 164.57it/s]Saving vectors of label - 'happy':  88%|████████████████████████████████████████████████████████▌       | 1539/1742 [00:10<00:01, 167.07it/s]Saving vectors of label - 'happy':  89%|█████████████████████████████████████████████████████████▏      | 1557/1742 [00:10<00:01, 169.45it/s]Saving vectors of label - 'happy':  90%|█████████████████████████████████████████████████████████▊      | 1575/1742 [00:10<00:00, 171.05it/s]Saving vectors of label - 'happy':  91%|██████████████████████████████████████████████████████████▌     | 1593/1742 [00:10<00:00, 171.34it/s]Saving vectors of label - 'happy':  92%|███████████████████████████████████████████████████████████▏    | 1611/1742 [00:10<00:00, 171.43it/s]Saving vectors of label - 'happy':  94%|███████████████████████████████████████████████████████████▊    | 1629/1742 [00:10<00:00, 172.14it/s]Saving vectors of label - 'happy':  95%|████████████████████████████████████████████████████████████▌   | 1647/1742 [00:10<00:00, 173.06it/s]Saving vectors of label - 'happy':  96%|█████████████████████████████████████████████████████████████▏  | 1665/1742 [00:11<00:00, 173.05it/s]Saving vectors of label - 'happy':  97%|█████████████████████████████████████████████████████████████▊  | 1683/1742 [00:11<00:00, 172.48it/s]Saving vectors of label - 'happy':  98%|██████████████████████████████████████████████████████████████▍ | 1701/1742 [00:11<00:00, 171.68it/s]Saving vectors of label - 'happy':  99%|███████████████████████████████████████████████████████████████▏| 1720/1742 [00:11<00:00, 175.25it/s]Saving vectors of label - 'happy': 100%|███████████████████████████████████████████████████████████████▊| 1738/1742 [00:11<00:00, 175.76it/s]Saving vectors of label - 'happy': 100%|████████████████████████████████████████████████████████████████| 1742/1742 [00:11<00:00, 151.23it/s]
WARNING: Logging before flag parsing goes to stderr.
W0905 14:40:14.862170 4493620672 deprecation_wrapper.py:119] From /Users/hamzaehsan/anaconda3/lib/python3.7/site-packages/keras/backend/tensorflow_backend.py:74: The name tf.get_default_graph is deprecated. Please use tf.compat.v1.get_default_graph instead.

Training Model
W0905 14:40:14.906085 4493620672 deprecation_wrapper.py:119] From /Users/hamzaehsan/anaconda3/lib/python3.7/site-packages/keras/backend/tensorflow_backend.py:517: The name tf.placeholder is deprecated. Please use tf.compat.v1.placeholder instead.

W0905 14:40:14.931740 4493620672 deprecation_wrapper.py:119] From /Users/hamzaehsan/anaconda3/lib/python3.7/site-packages/keras/backend/tensorflow_backend.py:4138: The name tf.random_uniform is deprecated. Please use tf.random.uniform instead.

W0905 14:40:14.996279 4493620672 deprecation_wrapper.py:119] From /Users/hamzaehsan/anaconda3/lib/python3.7/site-packages/keras/backend/tensorflow_backend.py:3976: The name tf.nn.max_pool is deprecated. Please use tf.nn.max_pool2d instead.

W0905 14:40:15.002382 4493620672 deprecation_wrapper.py:119] From /Users/hamzaehsan/anaconda3/lib/python3.7/site-packages/keras/backend/tensorflow_backend.py:133: The name tf.placeholder_with_default is deprecated. Please use tf.compat.v1.placeholder_with_default instead.

W0905 14:40:15.032277 4493620672 deprecation.py:506] From /Users/hamzaehsan/anaconda3/lib/python3.7/site-packages/keras/backend/tensorflow_backend.py:3445: calling dropout (from tensorflow.python.ops.nn_ops) with keep_prob is deprecated and will be removed in a future version.
Instructions for updating:
Please use `rate` instead of `keep_prob`. Rate should be set to `rate = 1 - keep_prob`.
W0905 14:40:15.221152 4493620672 deprecation_wrapper.py:119] From /Users/hamzaehsan/anaconda3/lib/python3.7/site-packages/keras/optimizers.py:790: The name tf.train.Optimizer is deprecated. Please use tf.compat.v1.train.Optimizer instead.

W0905 14:40:15.285866 4493620672 deprecation_wrapper.py:119] From /Users/hamzaehsan/anaconda3/lib/python3.7/site-packages/keras/backend/tensorflow_backend.py:3295: The name tf.log is deprecated. Please use tf.math.log instead.

Traceback (most recent call last):
  File "/Users/hamzaehsan/anaconda3/lib/python3.7/site-packages/tensorflow/python/framework/op_def_library.py", line 527, in _apply_op_helper
    preferred_dtype=default_dtype)
  File "/Users/hamzaehsan/anaconda3/lib/python3.7/site-packages/tensorflow/python/framework/ops.py", line 1224, in internal_convert_to_tensor
    ret = conversion_func(value, dtype=dtype, name=name, as_ref=as_ref)
  File "/Users/hamzaehsan/anaconda3/lib/python3.7/site-packages/tensorflow/python/framework/constant_op.py", line 305, in _constant_tensor_conversion_function
    return constant(v, dtype=dtype, name=name)
  File "/Users/hamzaehsan/anaconda3/lib/python3.7/site-packages/tensorflow/python/framework/constant_op.py", line 246, in constant
    allow_broadcast=True)
  File "/Users/hamzaehsan/anaconda3/lib/python3.7/site-packages/tensorflow/python/framework/constant_op.py", line 284, in _constant_impl
    allow_broadcast=allow_broadcast))
  File "/Users/hamzaehsan/anaconda3/lib/python3.7/site-packages/tensorflow/python/framework/tensor_util.py", line 454, in make_tensor_proto
    raise ValueError("None values not supported.")
ValueError: None values not supported.

During handling of the above exception, another exception occurred:

Traceback (most recent call last):
  File "/Users/hamzaehsan/anaconda3/lib/python3.7/site-packages/tensorflow/python/framework/op_def_library.py", line 541, in _apply_op_helper
    values, as_ref=input_arg.is_ref).dtype.name
  File "/Users/hamzaehsan/anaconda3/lib/python3.7/site-packages/tensorflow/python/framework/ops.py", line 1224, in internal_convert_to_tensor
    ret = conversion_func(value, dtype=dtype, name=name, as_ref=as_ref)
  File "/Users/hamzaehsan/anaconda3/lib/python3.7/site-packages/tensorflow/python/framework/constant_op.py", line 305, in _constant_tensor_conversion_function
    return constant(v, dtype=dtype, name=name)
  File "/Users/hamzaehsan/anaconda3/lib/python3.7/site-packages/tensorflow/python/framework/constant_op.py", line 246, in constant
    allow_broadcast=True)
  File "/Users/hamzaehsan/anaconda3/lib/python3.7/site-packages/tensorflow/python/framework/constant_op.py", line 284, in _constant_impl
    allow_broadcast=allow_broadcast))
  File "/Users/hamzaehsan/anaconda3/lib/python3.7/site-packages/tensorflow/python/framework/tensor_util.py", line 454, in make_tensor_proto
    raise ValueError("None values not supported.")
ValueError: None values not supported.

During handling of the above exception, another exception occurred:

Traceback (most recent call last):
  File "/Users/hamzaehsan/.vscode/extensions/ms-python.python-2019.9.34474/pythonFiles/ptvsd_launcher.py", line 43, in <module>
    main(ptvsdArgs)
  File "/Users/hamzaehsan/.vscode/extensions/ms-python.python-2019.9.34474/pythonFiles/lib/python/ptvsd/__main__.py", line 432, in main
    run()
  File "/Users/hamzaehsan/.vscode/extensions/ms-python.python-2019.9.34474/pythonFiles/lib/python/ptvsd/__main__.py", line 316, in run_file
    runpy.run_path(target, run_name='__main__')
  File "/Users/hamzaehsan/anaconda3/lib/python3.7/runpy.py", line 263, in run_path
    pkg_name=pkg_name, script_name=fname)
  File "/Users/hamzaehsan/anaconda3/lib/python3.7/runpy.py", line 96, in _run_module_code
    mod_name, mod_spec, pkg_name, script_name)
  File "/Users/hamzaehsan/anaconda3/lib/python3.7/runpy.py", line 85, in _run_code
    exec(code, run_globals)
  File "/Users/hamzaehsan/Desktop/titleTownTech/speechRecognition/audio.py", line 65, in <module>
    , input_shape, greedy=True, beam_width=100, top_paths=1)
  File "/Users/hamzaehsan/anaconda3/lib/python3.7/site-packages/keras/backend/tensorflow_backend.py", line 4289, in ctc_decode
    y_pred = tf.log(tf.transpose(y_pred, perm=[1, 0, 2]) + epsilon())
  File "/Users/hamzaehsan/anaconda3/lib/python3.7/site-packages/tensorflow/python/ops/array_ops.py", line 1738, in transpose
    ret = transpose_fn(a, perm, name=name)
  File "/Users/hamzaehsan/anaconda3/lib/python3.7/site-packages/tensorflow/python/ops/gen_array_ops.py", line 11046, in transpose
    "Transpose", x=x, perm=perm, name=name)
  File "/Users/hamzaehsan/anaconda3/lib/python3.7/site-packages/tensorflow/python/framework/op_def_library.py", line 545, in _apply_op_helper
    (input_name, err))
ValueError: Tried to convert 'x' to a tensor and failed. Error: None values not supported.
